2017-10-09 11:32:30.857420
Feature: Blocking all traffic on a given network # rest_firewall.feature:1

  Scenario: Blocking Traffic        # rest_firewall.feature:3
    Given There is incoming traffic # steps/step.py:10
    When A dangerous IP is detected # steps/step.py:21
    Then Block traffic              # steps/step.py:28
--------------------------------------------------------------------------------
2017-10-09 11:32:38.173281
Exception IOError: [Errno 2] No such file or directory: '$BDNM_ROOT/Blacklist.csv'
2017-10-09 11:35:53.888736
Feature: Blocking all traffic on a given network # rest_firewall.feature:1

  Scenario: Blocking Traffic        # rest_firewall.feature:3
    Given There is incoming traffic # steps/step.py:17
    When A dangerous IP is detected # steps/step.py:28
    Then Block traffic              # steps/step.py:35
--------------------------------------------------------------------------------
2017-10-09 11:36:34.501981
Exception NameError: name 'sys' is not defined
2017-10-09 11:37:10.777342
Exception NameError: name 'sys' is not defined
2017-10-09 11:37:33.847247
Feature: Blocking all traffic on a given network # rest_firewall.feature:1

  Scenario: Blocking Traffic        # rest_firewall.feature:3
    Given There is incoming traffic # steps/step.py:17
    When A dangerous IP is detected # steps/step.py:28
    Then Block traffic              # steps/step.py:35
--------------------------------------------------------------------------------
2017-10-09 11:37:41.282029
Feature: Creating a simple switch between all hosts # simple_switch.feature:1

  Scenario: Allowing all traffic                    # simple_switch.feature:3
    Given There is incoming traffic                 # steps/step.py:17
    When All traffic is coming from trusted sources # steps/step.py:29
    Then Allow all traffic                          # steps/step.py:36
--------------------------------------------------------------------------------
